Flow report for pipeline
Mon Dec 30 11:18:40 2024
Quartus II 64-Bit Version 13.0.1 Build 232 06/12/2013 Service Pack 1 SJ Web Edition


---------------------
; Table of Contents ;
---------------------
  1. Legal Notice
  2. Flow Summary
  3. Flow Settings
  4. Flow Non-Default Global Settings
  5. Flow Elapsed Time
  6. Flow OS Summary
  7. Flow Log
  8. Flow Messages
  9. Flow Suppressed Messages



----------------
; Legal Notice ;
----------------
Copyright (C) 1991-2013 Altera Corporation
Your use of Altera Corporation's design tools, logic functions 
and other software and tools, and its AMPP partner logic 
functions, and any output files from any of the foregoing 
(including device programming or simulation files), and any 
associated documentation or information are expressly subject 
to the terms and conditions of the Altera Program License 
Subscription Agreement, Altera MegaCore Function License 
Agreement, or other applicable license agreement, including, 
without limitation, that your use is for the sole purpose of 
programming logic devices manufactured by Altera and sold by 
Altera or its authorized distributors.  Please refer to the 
applicable agreement for further details.



+--------------------------------------------------------------------------------------+
; Flow Summary                                                                         ;
+------------------------------------+-------------------------------------------------+
; Flow Status                        ; Successful - Mon Dec 30 11:18:40 2024           ;
; Quartus II 64-Bit Version          ; 13.0.1 Build 232 06/12/2013 SP 1 SJ Web Edition ;
; Revision Name                      ; pipeline                                        ;
; Top-level Entity Name              ; pipeline                                        ;
; Family                             ; Cyclone II                                      ;
; Device                             ; EP2C35F672C6                                    ;
; Timing Models                      ; Final                                           ;
; Total logic elements               ; 17,523 / 33,216 ( 53 % )                        ;
;     Total combinational functions  ; 16,445 / 33,216 ( 50 % )                        ;
;     Dedicated logic registers      ; 1,701 / 33,216 ( 5 % )                          ;
; Total registers                    ; 1701                                            ;
; Total pins                         ; 399 / 475 ( 84 % )                              ;
; Total virtual pins                 ; 0                                               ;
; Total memory bits                  ; 20,516 / 483,840 ( 4 % )                        ;
; Embedded Multiplier 9-bit elements ; 0 / 70 ( 0 % )                                  ;
; Total PLLs                         ; 0 / 4 ( 0 % )                                   ;
+------------------------------------+-------------------------------------------------+


+-----------------------------------------+
; Flow Settings                           ;
+-------------------+---------------------+
; Option            ; Setting             ;
+-------------------+---------------------+
; Start date & time ; 12/30/2024 11:15:59 ;
; Main task         ; Compilation         ;
; Revision Name     ; pipeline            ;
+-------------------+---------------------+


+----------------------------------------------------------------------------------------------------------------------------------------------------------------+
; Flow Non-Default Global Settings                                                                                                                               ;
+--------------------------------------+--------------------------------------------------------------------------+---------------+-------------+----------------+
; Assignment Name                      ; Value                                                                    ; Default Value ; Entity Name ; Section Id     ;
+--------------------------------------+--------------------------------------------------------------------------+---------------+-------------+----------------+
; COMPILER_SIGNATURE_ID                ; 127913732291849.173553215909836                                          ; --            ; --          ; --             ;
; EDA_DESIGN_INSTANCE_NAME             ; NA                                                                       ; --            ; --          ; pipeline_tb    ;
; EDA_DESIGN_INSTANCE_NAME             ; NA                                                                       ; --            ; --          ; lsu_tb         ;
; EDA_DESIGN_INSTANCE_NAME             ; NA                                                                       ; --            ; --          ; tbench         ;
; EDA_GENERATE_FUNCTIONAL_NETLIST      ; On                                                                       ; --            ; --          ; eda_simulation ;
; EDA_NATIVELINK_SIMULATION_TEST_BENCH ; tbench                                                                   ; --            ; --          ; eda_simulation ;
; EDA_OUTPUT_DATA_FORMAT               ; Systemverilog Hdl                                                        ; --            ; --          ; eda_simulation ;
; EDA_SIMULATION_TOOL                  ; ModelSim-Altera (SystemVerilog)                                          ; <None>        ; --          ; --             ;
; EDA_TEST_BENCH_ENABLE_STATUS         ; TEST_BENCH_MODE                                                          ; --            ; --          ; eda_simulation ;
; EDA_TEST_BENCH_FILE                  ; tb/pipeline_tb.sv                                                        ; --            ; --          ; pipeline_tb    ;
; EDA_TEST_BENCH_FILE                  ; tb/lsu_tb.sv                                                             ; --            ; --          ; lsu_tb         ;
; EDA_TEST_BENCH_FILE                  ; ../../../../../../Desktop/singlecycle-test/01_bench/tbench.sv            ; --            ; --          ; tbench         ;
; EDA_TEST_BENCH_FILE                  ; ../../../../../../Desktop/singlecycle-test/01_bench/scoreboard.sv        ; --            ; --          ; tbench         ;
; EDA_TEST_BENCH_FILE                  ; ../../../../../../Desktop/singlecycle-test/01_bench/driver.sv            ; --            ; --          ; tbench         ;
; EDA_TEST_BENCH_MODULE_NAME           ; pipeline_tb                                                              ; --            ; --          ; pipeline_tb    ;
; EDA_TEST_BENCH_MODULE_NAME           ; lsu_tb                                                                   ; --            ; --          ; lsu_tb         ;
; EDA_TEST_BENCH_MODULE_NAME           ; tbench                                                                   ; --            ; --          ; tbench         ;
; EDA_TEST_BENCH_NAME                  ; pipeline_tb                                                              ; --            ; --          ; eda_simulation ;
; EDA_TEST_BENCH_NAME                  ; lsu_tb                                                                   ; --            ; --          ; eda_simulation ;
; EDA_TEST_BENCH_NAME                  ; tbench                                                                   ; --            ; --          ; eda_simulation ;
; EDA_TIME_SCALE                       ; 1 ps                                                                     ; --            ; --          ; eda_simulation ;
; MAX_CORE_JUNCTION_TEMP               ; 85                                                                       ; --            ; --          ; --             ;
; MIN_CORE_JUNCTION_TEMP               ; 0                                                                        ; --            ; --          ; --             ;
; PARTITION_COLOR                      ; 16764057                                                                 ; --            ; --          ; Top            ;
; PARTITION_FITTER_PRESERVATION_LEVEL  ; PLACEMENT_AND_ROUTING                                                    ; --            ; --          ; Top            ;
; PARTITION_NETLIST_TYPE               ; SOURCE                                                                   ; --            ; --          ; Top            ;
; PROJECT_OUTPUT_DIRECTORY             ; output_files                                                             ; --            ; --          ; --             ;
; SEARCH_PATH                          ; 32-bit-Signed-Vedic-Multiplier-main/32-bit-Signed-Vedic-Multiplier-main/ ; --            ; --          ; --             ;
; SEARCH_PATH                          ; mem/                                                                     ; --            ; --          ; --             ;
; SEARCH_PATH                          ; src/                                                                     ; --            ; --          ; --             ;
; SEARCH_PATH                          ; tb/                                                                      ; --            ; --          ; --             ;
; VERILOG_INPUT_VERSION                ; SystemVerilog_2005                                                       ; Verilog_2001  ; --          ; --             ;
; VERILOG_SHOW_LMF_MAPPING_MESSAGES    ; Off                                                                      ; --            ; --          ; --             ;
+--------------------------------------+--------------------------------------------------------------------------+---------------+-------------+----------------+


+-------------------------------------------------------------------------------------------------------------------------------+
; Flow Elapsed Time                                                                                                             ;
+---------------------------+--------------+-------------------------+---------------------+------------------------------------+
; Module Name               ; Elapsed Time ; Average Processors Used ; Peak Virtual Memory ; Total CPU Time (on all processors) ;
+---------------------------+--------------+-------------------------+---------------------+------------------------------------+
; Analysis & Synthesis      ; 00:00:42     ; 1.0                     ; 4710 MB             ; 00:00:18                           ;
; Fitter                    ; 00:01:40     ; 1.0                     ; 4970 MB             ; 00:00:45                           ;
; Assembler                 ; 00:00:01     ; 1.0                     ; 4617 MB             ; 00:00:01                           ;
; TimeQuest Timing Analyzer ; 00:00:05     ; 1.0                     ; 4903 MB             ; 00:00:02                           ;
; EDA Netlist Writer        ; 00:00:02     ; 1.0                     ; 4640 MB             ; 00:00:01                           ;
; Total                     ; 00:02:30     ; --                      ; --                  ; 00:01:07                           ;
+---------------------------+--------------+-------------------------+---------------------+------------------------------------+


+----------------------------------------------------------------------------------------+
; Flow OS Summary                                                                        ;
+---------------------------+------------------+-----------+------------+----------------+
; Module Name               ; Machine Hostname ; OS Name   ; OS Version ; Processor type ;
+---------------------------+------------------+-----------+------------+----------------+
; Analysis & Synthesis      ; DESKTOP-KLR6M2I  ; Windows 7 ; 6.2        ; x86_64         ;
; Fitter                    ; DESKTOP-KLR6M2I  ; Windows 7 ; 6.2        ; x86_64         ;
; Assembler                 ; DESKTOP-KLR6M2I  ; Windows 7 ; 6.2        ; x86_64         ;
; TimeQuest Timing Analyzer ; DESKTOP-KLR6M2I  ; Windows 7 ; 6.2        ; x86_64         ;
; EDA Netlist Writer        ; DESKTOP-KLR6M2I  ; Windows 7 ; 6.2        ; x86_64         ;
+---------------------------+------------------+-----------+------------+----------------+


------------
; Flow Log ;
------------
quartus_map --read_settings_files=on --write_settings_files=off pipeline -c pipeline
quartus_fit --read_settings_files=off --write_settings_files=off pipeline -c pipeline
quartus_asm --read_settings_files=off --write_settings_files=off pipeline -c pipeline
quartus_sta pipeline -c pipeline
quartus_eda --read_settings_files=off --write_settings_files=off pipeline -c pipeline



